Feb-06 13:59:01.136 [main] DEBUG nextflow.cli.Launcher - $> nextflow run tutorial.nf -resume
Feb-06 13:59:01.198 [main] INFO  nextflow.cli.CmdRun - N E X T F L O W  ~  version 23.10.1
Feb-06 13:59:01.215 [main] DEBUG nextflow.plugin.PluginsFacade - Setting up plugin manager > mode=prod; embedded=false; plugins-dir=/home/codito/.nextflow/plugins; core-plugins: nf-amazon@2.1.4,nf-azure@1.3.3,nf-cloudcache@0.3.0,nf-codecommit@0.1.5,nf-console@1.0.6,nf-ga4gh@1.1.0,nf-google@1.8.3,nf-tower@1.6.3,nf-wave@1.0.1
Feb-06 13:59:01.224 [main] INFO  o.pf4j.DefaultPluginStatusProvider - Enabled plugins: []
Feb-06 13:59:01.225 [main] INFO  o.pf4j.DefaultPluginStatusProvider - Disabled plugins: []
Feb-06 13:59:01.227 [main] INFO  org.pf4j.DefaultPluginManager - PF4J version 3.4.1 in 'deployment' mode
Feb-06 13:59:01.236 [main] INFO  org.pf4j.AbstractPluginManager - No plugins
Feb-06 13:59:01.297 [main] DEBUG nextflow.cli.CmdRun - Applied DSL=2 by global default
Feb-06 13:59:01.315 [main] INFO  nextflow.cli.CmdRun - Launching `tutorial.nf` [pedantic_curie] DSL2 - revision: 3a9e30a5ef
Feb-06 13:59:01.315 [main] DEBUG nextflow.plugin.PluginsFacade - Plugins default=[]
Feb-06 13:59:01.315 [main] DEBUG nextflow.plugin.PluginsFacade - Plugins resolved requirement=[]
Feb-06 13:59:01.325 [main] DEBUG n.secret.LocalSecretsProvider - Secrets store: /home/codito/.nextflow/secrets/store.json
Feb-06 13:59:01.331 [main] DEBUG nextflow.secret.SecretsLoader - Discovered secrets providers: [nextflow.secret.LocalSecretsProvider@21422231] - activable => nextflow.secret.LocalSecretsProvider@21422231
Feb-06 13:59:01.403 [main] DEBUG nextflow.Session - Session UUID: 9fdb5ac7-4583-4f06-b47d-7e0fc4d4fe33
Feb-06 13:59:01.403 [main] DEBUG nextflow.Session - Run name: pedantic_curie
Feb-06 13:59:01.404 [main] DEBUG nextflow.Session - Executor pool size: 12
Feb-06 13:59:01.410 [main] DEBUG nextflow.file.FilePorter - File porter settings maxRetries=3; maxTransfers=50; pollTimeout=null
Feb-06 13:59:01.415 [main] DEBUG nextflow.util.ThreadPoolBuilder - Creating thread pool 'FileTransfer' minSize=10; maxSize=36; workQueue=LinkedBlockingQueue[10000]; allowCoreThreadTimeout=false
Feb-06 13:59:01.439 [main] DEBUG nextflow.cli.CmdRun - 
  Version: 23.10.1 build 5891
  Created: 12-01-2024 22:01 UTC (17:01 PEST)
  System: Linux 6.5.0-15-generic
  Runtime: Groovy 3.0.19 on OpenJDK 64-Bit Server VM 11.0.13+7-b1751.21
  Encoding: UTF-8 (UTF-8)
  Process: 198992@codito-desktop-ubuntu [127.0.1.1]
  CPUs: 12 - Mem: 31.3 GB (8.1 GB) - Swap: 15.3 GB (15.3 GB)
Feb-06 13:59:01.465 [main] DEBUG nextflow.Session - Work-dir: /home/codito/Documents/MSA_tool/nextflow/work [ext2/ext3]
Feb-06 13:59:01.466 [main] DEBUG nextflow.Session - Script base path does not exist or is not a directory: /home/codito/Documents/MSA_tool/nextflow/bin
Feb-06 13:59:01.474 [main] DEBUG nextflow.executor.ExecutorFactory - Extension executors providers=[]
Feb-06 13:59:01.483 [main] DEBUG nextflow.Session - Observer factory: DefaultObserverFactory
Feb-06 13:59:01.502 [main] DEBUG nextflow.cache.CacheFactory - Using Nextflow cache factory: nextflow.cache.DefaultCacheFactory
Feb-06 13:59:01.512 [main] DEBUG nextflow.util.CustomThreadPool - Creating default thread pool > poolSize: 13; maxThreads: 1000
Feb-06 13:59:01.618 [main] DEBUG nextflow.Session - Session start
Feb-06 13:59:02.095 [main] DEBUG nextflow.script.ScriptRunner - > Launching execution
Feb-06 13:59:02.152 [main] DEBUG nextflow.executor.ExecutorFactory - << taskConfig executor: null
Feb-06 13:59:02.153 [main] DEBUG nextflow.executor.ExecutorFactory - >> processorType: 'local'
Feb-06 13:59:02.157 [main] DEBUG nextflow.executor.Executor - [warm up] executor > local
Feb-06 13:59:02.161 [main] DEBUG n.processor.LocalPollingMonitor - Creating local task monitor for executor 'local' > cpus=12; memory=31.3 GB; capacity=12; pollInterval=100ms; dumpInterval=5m
Feb-06 13:59:02.163 [main] DEBUG n.processor.TaskPollingMonitor - >>> barrier register (monitor: local)
Feb-06 13:59:02.258 [main] DEBUG nextflow.executor.ExecutorFactory - << taskConfig executor: null
Feb-06 13:59:02.258 [main] DEBUG nextflow.executor.ExecutorFactory - >> processorType: 'local'
Feb-06 13:59:02.270 [main] DEBUG nextflow.Session - Workflow process names [dsl2]: convertToUpper, splitLetters
Feb-06 13:59:02.270 [main] DEBUG nextflow.Session - Igniting dataflow network (2)
Feb-06 13:59:02.270 [main] DEBUG nextflow.processor.TaskProcessor - Starting process > splitLetters
Feb-06 13:59:02.271 [main] DEBUG nextflow.processor.TaskProcessor - Starting process > convertToUpper
Feb-06 13:59:02.271 [main] DEBUG nextflow.script.ScriptRunner - Parsed script files:
  Script_07ed64b29e247953: /home/codito/Documents/MSA_tool/nextflow/tutorial.nf
Feb-06 13:59:02.271 [main] DEBUG nextflow.script.ScriptRunner - > Awaiting termination 
Feb-06 13:59:02.272 [main] DEBUG nextflow.Session - Session await
Feb-06 13:59:02.453 [Actor Thread 6] INFO  nextflow.processor.TaskProcessor - [62/868fc9] Cached process > splitLetters
Feb-06 13:59:02.514 [Task submitter] DEBUG n.executor.local.LocalTaskHandler - Launch cmd line: /bin/bash -ue .command.run
Feb-06 13:59:02.516 [Task submitter] INFO  nextflow.Session - [72/ec216b] Submitted process > convertToUpper (1)
Feb-06 13:59:02.522 [Task submitter] DEBUG n.executor.local.LocalTaskHandler - Launch cmd line: /bin/bash -ue .command.run
Feb-06 13:59:02.522 [Task submitter] INFO  nextflow.Session - [b6/2584c3] Submitted process > convertToUpper (2)
Feb-06 13:59:02.533 [Task monitor] DEBUG n.processor.TaskPollingMonitor - Task completed > TaskHandler[id: 2; name: convertToUpper (1); status: COMPLETED; exit: 0; error: -; workDir: /home/codito/Documents/MSA_tool/nextflow/work/72/ec216b96c2f01930945ab597a9cddc]
Feb-06 13:59:02.538 [Task monitor] DEBUG n.processor.TaskPollingMonitor - Task completed > TaskHandler[id: 3; name: convertToUpper (2); status: COMPLETED; exit: 0; error: -; workDir: /home/codito/Documents/MSA_tool/nextflow/work/b6/2584c39e22a67c3b9fb150b0a6e597]
Feb-06 13:59:02.539 [main] DEBUG nextflow.Session - Session await > all processes finished
Feb-06 13:59:02.540 [Task monitor] DEBUG n.processor.TaskPollingMonitor - <<< barrier arrives (monitor: local) - terminating tasks monitor poll loop
Feb-06 13:59:02.540 [main] DEBUG nextflow.Session - Session await > all barriers passed
Feb-06 13:59:02.544 [main] DEBUG n.trace.WorkflowStatsObserver - Workflow completed > WorkflowStats[succeededCount=2; failedCount=0; ignoredCount=0; cachedCount=1; pendingCount=0; submittedCount=0; runningCount=0; retriesCount=0; abortedCount=0; succeedDuration=3ms; failedDuration=0ms; cachedDuration=1ms;loadCpus=0; loadMemory=0; peakRunning=1; peakCpus=1; peakMemory=0; ]
Feb-06 13:59:02.655 [main] DEBUG nextflow.cache.CacheDB - Closing CacheDB done
Feb-06 13:59:02.664 [main] DEBUG nextflow.util.ThreadPoolManager - Thread pool 'FileTransfer' shutdown completed (hard=false)
Feb-06 13:59:02.665 [main] DEBUG nextflow.script.ScriptRunner - > Execution complete -- Goodbye
